2025-04-28T05:58:45.667Z  INFO 3373 --- [main] com.delivery.ms.DeliveryMsApplication    : Starting DeliveryMsApplication v0.0.1-SNAPSHOT using Java 17.0.14 with PID 3373 (/home/ubuntu/delivery-ms/target/delivery-ms-0.0.1-SNAPSHOT.jar started by ubuntu in /home/ubuntu/delivery-ms/target)
2025-04-28T05:58:45.673Z  INFO 3373 --- [main] com.delivery.ms.DeliveryMsApplication    : No active profile set, falling back to 1 default profile: "default"
2025-04-28T05:58:46.656Z  INFO 3373 --- [main] .s.d.r.c.RepositoryConfigurationDelegate : Bootstrapping Spring Data JPA repositories in DEFAULT mode.
2025-04-28T05:58:46.736Z  INFO 3373 --- [main] .s.d.r.c.RepositoryConfigurationDelegate : Finished Spring Data repository scanning in 66 ms. Found 1 JPA repository interfaces.
2025-04-28T05:58:47.556Z  INFO 3373 --- [main] o.s.b.w.embedded.tomcat.TomcatWebServer  : Tomcat initialized with port(s): 8083 (http)
2025-04-28T05:58:47.566Z  INFO 3373 --- [main] o.apache.catalina.core.StandardService   : Starting service [Tomcat]
2025-04-28T05:58:47.567Z  INFO 3373 --- [main] o.apache.catalina.core.StandardEngine    : Starting Servlet engine: [Apache Tomcat/10.1.10]
2025-04-28T05:58:47.658Z  INFO 3373 --- [main] o.a.c.c.C.[Tomcat].[localhost].[/]       : Initializing Spring embedded WebApplicationContext
2025-04-28T05:58:47.659Z  INFO 3373 --- [main] w.s.c.ServletWebServerApplicationContext : Root WebApplicationContext: initialization completed in 1874 ms
2025-04-28T05:58:47.709Z  INFO 3373 --- [main] com.zaxxer.hikari.HikariDataSource       : HikariPool-1 - Starting...
2025-04-28T05:58:48.015Z  INFO 3373 --- [main] com.zaxxer.hikari.pool.HikariPool        : HikariPool-1 - Added connection conn0: url=jdbc:h2:mem:deliverydb user=SA
2025-04-28T05:58:48.018Z  INFO 3373 --- [main] com.zaxxer.hikari.HikariDataSource       : HikariPool-1 - Start completed.
2025-04-28T05:58:48.031Z  INFO 3373 --- [main] o.s.b.a.h2.H2ConsoleAutoConfiguration    : H2 console available at '/h2-console'. Database available at 'jdbc:h2:mem:deliverydb'
2025-04-28T05:58:48.206Z  INFO 3373 --- [main] o.hibernate.jpa.internal.util.LogHelper  : HHH000204: Processing PersistenceUnitInfo [name: default]
2025-04-28T05:58:48.259Z  INFO 3373 --- [main] org.hibernate.Version                    : HHH000412: Hibernate ORM core version 6.2.5.Final
2025-04-28T05:58:48.261Z  INFO 3373 --- [main] org.hibernate.cfg.Environment            : HHH000406: Using bytecode reflection optimizer
2025-04-28T05:58:48.487Z  INFO 3373 --- [main] o.h.b.i.BytecodeProviderInitiator        : HHH000021: Bytecode provider name : bytebuddy
2025-04-28T05:58:48.622Z  INFO 3373 --- [main] o.s.o.j.p.SpringPersistenceUnitInfo      : No LoadTimeWeaver setup: ignoring JPA class transformer
2025-04-28T05:58:48.939Z  INFO 3373 --- [main] o.h.b.i.BytecodeProviderInitiator        : HHH000021: Bytecode provider name : bytebuddy
2025-04-28T05:58:49.573Z  INFO 3373 --- [main] o.h.e.t.j.p.i.JtaPlatformInitiator       : HHH000490: Using JtaPlatform implementation: [org.hibernate.engine.transaction.jta.platform.internal.NoJtaPlatform]
2025-04-28T05:58:49.615Z  INFO 3373 --- [main] j.LocalContainerEntityManagerFactoryBean : Initialized JPA EntityManagerFactory for persistence unit 'default'
2025-04-28T05:58:50.117Z  WARN 3373 --- [main] JpaBaseConfiguration$JpaWebConfiguration : spring.jpa.open-in-view is enabled by default. Therefore, database queries may be performed during view rendering. Explicitly configure spring.jpa.open-in-view to disable this warning
2025-04-28T05:58:50.805Z  INFO 3373 --- [main] o.s.b.w.embedded.tomcat.TomcatWebServer  : Tomcat started on port(s): 8083 (http) with context path ''
2025-04-28T05:58:50.876Z  INFO 3373 --- [main] o.a.k.clients.consumer.ConsumerConfig    : ConsumerConfig values: 
	allow.auto.create.topics = true
	auto.commit.interval.ms = 5000
	auto.include.jmx.reporter = true
	auto.offset.reset = latest
	bootstrap.servers = [172.31.19.68:9092]
	check.crcs = true
	client.dns.lookup = use_all_dns_ips
	client.id = consumer-stock-group-1
	client.rack = 
	connections.max.idle.ms = 540000
	default.api.timeout.ms = 60000
	enable.auto.commit = false
	exclude.internal.topics = true
	fetch.max.bytes = 52428800
	fetch.max.wait.ms = 500
	fetch.min.bytes = 1
	group.id = stock-group
	group.instance.id = null
	heartbeat.interval.ms = 3000
	interceptor.classes = []
	internal.leave.group.on.close = true
	internal.throw.on.fetch.stable.offset.unsupported = false
	isolation.level = read_uncommitted
	key.deserializer = class org.apache.kafka.common.serialization.StringDeserializer
	max.partition.fetch.bytes = 1048576
	max.poll.interval.ms = 300000
	max.poll.records = 500
	metadata.max.age.ms = 300000
	metric.reporters = []
	metrics.num.samples = 2
	metrics.recording.level = INFO
	metrics.sample.window.ms = 30000
	partition.assignment.strategy = [class org.apache.kafka.clients.consumer.RangeAssignor, class org.apache.kafka.clients.consumer.CooperativeStickyAssignor]
	receive.buffer.bytes = 65536
	reconnect.backoff.max.ms = 1000
	reconnect.backoff.ms = 50
	request.timeout.ms = 30000
	retry.backoff.ms = 100
	sasl.client.callback.handler.class = null
	sasl.jaas.config = null
	sasl.kerberos.kinit.cmd = /usr/bin/kinit
	sasl.kerberos.min.time.before.relogin = 60000
	sasl.kerberos.service.name = null
	sasl.kerberos.ticket.renew.jitter = 0.05
	sasl.kerberos.ticket.renew.window.factor = 0.8
	sasl.login.callback.handler.class = null
	sasl.login.class = null
	sasl.login.connect.timeout.ms = null
	sasl.login.read.timeout.ms = null
	sasl.login.refresh.buffer.seconds = 300
	sasl.login.refresh.min.period.seconds = 60
	sasl.login.refresh.window.factor = 0.8
	sasl.login.refresh.window.jitter = 0.05
	sasl.login.retry.backoff.max.ms = 10000
	sasl.login.retry.backoff.ms = 100
	sasl.mechanism = GSSAPI
	sasl.oauthbearer.clock.skew.seconds = 30
	sasl.oauthbearer.expected.audience = null
	sasl.oauthbearer.expected.issuer = null
	sasl.oauthbearer.jwks.endpoint.refresh.ms = 3600000
	sasl.oauthbearer.jwks.endpoint.retry.backoff.max.ms = 10000
	sasl.oauthbearer.jwks.endpoint.retry.backoff.ms = 100
	sasl.oauthbearer.jwks.endpoint.url = null
	sasl.oauthbearer.scope.claim.name = scope
	sasl.oauthbearer.sub.claim.name = sub
	sasl.oauthbearer.token.endpoint.url = null
	security.protocol = PLAINTEXT
	security.providers = null
	send.buffer.bytes = 131072
	session.timeout.ms = 45000
	socket.connection.setup.timeout.max.ms = 30000
	socket.connection.setup.timeout.ms = 10000
	ssl.cipher.suites = null
	ssl.enabled.protocols = [TLSv1.2, TLSv1.3]
	ssl.endpoint.identification.algorithm = https
	ssl.engine.factory.class = null
	ssl.key.password = null
	ssl.keymanager.algorithm = SunX509
	ssl.keystore.certificate.chain = null
	ssl.keystore.key = null
	ssl.keystore.location = null
	ssl.keystore.password = null
	ssl.keystore.type = JKS
	ssl.protocol = TLSv1.3
	ssl.provider = null
	ssl.secure.random.implementation = null
	ssl.trustmanager.algorithm = PKIX
	ssl.truststore.certificates = null
	ssl.truststore.location = null
	ssl.truststore.password = null
	ssl.truststore.type = JKS
	value.deserializer = class org.apache.kafka.common.serialization.StringDeserializer

2025-04-28T05:58:51.107Z  INFO 3373 --- [main] o.a.kafka.common.utils.AppInfoParser     : Kafka version: 3.4.1
2025-04-28T05:58:51.109Z  INFO 3373 --- [main] o.a.kafka.common.utils.AppInfoParser     : Kafka commitId: 8a516edc2755df89
2025-04-28T05:58:51.110Z  INFO 3373 --- [main] o.a.kafka.common.utils.AppInfoParser     : Kafka startTimeMs: 1745819931105
2025-04-28T05:58:51.116Z  INFO 3373 --- [main] o.a.k.clients.consumer.KafkaConsumer     : [Consumer clientId=consumer-stock-group-1, groupId=stock-group] Subscribed to topic(s): new-stock
2025-04-28T05:58:51.144Z  INFO 3373 --- [main] com.delivery.ms.DeliveryMsApplication    : Started DeliveryMsApplication in 6.235 seconds (process running for 6.892)
2025-04-28T05:58:51.552Z  WARN 3373 --- [org.springframework.kafka.KafkaListenerEndpointContainer#0-0-C-1] org.apache.kafka.clients.NetworkClient   : [Consumer clientId=consumer-stock-group-1, groupId=stock-group] Error while fetching metadata with correlation id 2 : {new-stock=LEADER_NOT_AVAILABLE}
2025-04-28T05:58:51.553Z  INFO 3373 --- [org.springframework.kafka.KafkaListenerEndpointContainer#0-0-C-1] org.apache.kafka.clients.Metadata        : [Consumer clientId=consumer-stock-group-1, groupId=stock-group] Cluster ID: PNIRl7R8R66zWkCzDAYsBg
2025-04-28T05:58:51.554Z  INFO 3373 --- [org.springframework.kafka.KafkaListenerEndpointContainer#0-0-C-1] o.a.k.c.c.internals.ConsumerCoordinator  : [Consumer clientId=consumer-stock-group-1, groupId=stock-group] Discovered group coordinator 172.31.19.68:9092 (id: 2147483647 rack: null)
2025-04-28T05:58:51.556Z  INFO 3373 --- [org.springframework.kafka.KafkaListenerEndpointContainer#0-0-C-1] o.a.k.c.c.internals.ConsumerCoordinator  : [Consumer clientId=consumer-stock-group-1, groupId=stock-group] (Re-)joining group
2025-04-28T05:58:51.574Z  INFO 3373 --- [org.springframework.kafka.KafkaListenerEndpointContainer#0-0-C-1] o.a.k.c.c.internals.ConsumerCoordinator  : [Consumer clientId=consumer-stock-group-1, groupId=stock-group] Request joining group due to: need to re-join with the given member-id: consumer-stock-group-1-d4ecfffb-e445-4dac-be93-dc05469520c5
2025-04-28T05:58:51.575Z  INFO 3373 --- [org.springframework.kafka.KafkaListenerEndpointContainer#0-0-C-1] o.a.k.c.c.internals.ConsumerCoordinator  : [Consumer clientId=consumer-stock-group-1, groupId=stock-group] Request joining group due to: rebalance failed due to 'The group member needs to have a valid member id before actually entering a consumer group.' (MemberIdRequiredException)
2025-04-28T05:58:51.575Z  INFO 3373 --- [org.springframework.kafka.KafkaListenerEndpointContainer#0-0-C-1] o.a.k.c.c.internals.ConsumerCoordinator  : [Consumer clientId=consumer-stock-group-1, groupId=stock-group] (Re-)joining group
2025-04-28T05:58:51.656Z  INFO 3373 --- [org.springframework.kafka.KafkaListenerEndpointContainer#0-0-C-1] org.apache.kafka.clients.Metadata        : [Consumer clientId=consumer-stock-group-1, groupId=stock-group] Resetting the last seen epoch of partition new-stock-0 to 0 since the associated topicId changed from null to adfXPIAnSlOUBqnaesYjYQ
2025-04-28T05:58:52.262Z  INFO 3373 --- [org.springframework.kafka.KafkaListenerEndpointContainer#0-0-C-1] o.a.k.c.c.internals.ConsumerCoordinator  : [Consumer clientId=consumer-stock-group-1, groupId=stock-group] Successfully joined group with generation Generation{generationId=2, memberId='consumer-stock-group-1-d4ecfffb-e445-4dac-be93-dc05469520c5', protocol='range'}
2025-04-28T05:58:52.486Z  INFO 3373 --- [org.springframework.kafka.KafkaListenerEndpointContainer#0-0-C-1] o.a.k.c.c.internals.ConsumerCoordinator  : [Consumer clientId=consumer-stock-group-1, groupId=stock-group] Successfully synced group in generation Generation{generationId=2, memberId='consumer-stock-group-1-d4ecfffb-e445-4dac-be93-dc05469520c5', protocol='range'}
2025-04-28T05:58:52.489Z  INFO 3373 --- [org.springframework.kafka.KafkaListenerEndpointContainer#0-0-C-1] o.a.k.c.c.internals.ConsumerCoordinator  : [Consumer clientId=consumer-stock-group-1, groupId=stock-group] Notifying assignor about the new Assignment(partitions=[new-stock-0])
2025-04-28T05:58:52.493Z  INFO 3373 --- [org.springframework.kafka.KafkaListenerEndpointContainer#0-0-C-1] o.a.k.c.c.internals.ConsumerCoordinator  : [Consumer clientId=consumer-stock-group-1, groupId=stock-group] Adding newly assigned partitions: new-stock-0
2025-04-28T05:58:52.498Z  INFO 3373 --- [org.springframework.kafka.KafkaListenerEndpointContainer#0-0-C-1] o.a.k.c.c.internals.ConsumerCoordinator  : [Consumer clientId=consumer-stock-group-1, groupId=stock-group] Found no committed offset for partition new-stock-0
2025-04-28T05:58:52.503Z  INFO 3373 --- [org.springframework.kafka.KafkaListenerEndpointContainer#0-0-C-1] o.a.k.c.c.internals.ConsumerCoordinator  : [Consumer clientId=consumer-stock-group-1, groupId=stock-group] Found no committed offset for partition new-stock-0
2025-04-28T05:58:52.509Z  INFO 3373 --- [org.springframework.kafka.KafkaListenerEndpointContainer#0-0-C-1] o.a.k.c.c.internals.SubscriptionState    : [Consumer clientId=consumer-stock-group-1, groupId=stock-group] Resetting offset for partition new-stock-0 to position FetchPosition{offset=0, offsetEpoch=Optional.empty, currentLeader=LeaderAndEpoch{leader=Optional[172.31.19.68:9092 (id: 0 rack: null)], epoch=0}}.
2025-04-28T05:58:52.517Z  INFO 3373 --- [org.springframework.kafka.KafkaListenerEndpointContainer#0-0-C-1] o.s.k.l.KafkaMessageListenerContainer    : stock-group: partitions assigned: [new-stock-0]
2025-04-28T05:59:26.324Z  INFO 3373 --- [org.springframework.kafka.KafkaListenerEndpointContainer#0-0-C-1] o.a.k.c.c.internals.ConsumerCoordinator  : [Consumer clientId=consumer-stock-group-1, groupId=stock-group] Revoke previously assigned partitions new-stock-0
2025-04-28T05:59:26.325Z  INFO 3373 --- [org.springframework.kafka.KafkaListenerEndpointContainer#0-0-C-1] o.s.k.l.KafkaMessageListenerContainer    : stock-group: partitions revoked: [new-stock-0]
2025-04-28T05:59:26.325Z  INFO 3373 --- [org.springframework.kafka.KafkaListenerEndpointContainer#0-0-C-1] o.a.k.c.c.internals.ConsumerCoordinator  : [Consumer clientId=consumer-stock-group-1, groupId=stock-group] Member consumer-stock-group-1-d4ecfffb-e445-4dac-be93-dc05469520c5 sending LeaveGroup request to coordinator 172.31.19.68:9092 (id: 2147483647 rack: null) due to the consumer unsubscribed from all topics
2025-04-28T05:59:26.326Z  INFO 3373 --- [org.springframework.kafka.KafkaListenerEndpointContainer#0-0-C-1] o.a.k.c.c.internals.ConsumerCoordinator  : [Consumer clientId=consumer-stock-group-1, groupId=stock-group] Resetting generation and member id due to: consumer pro-actively leaving the group
2025-04-28T05:59:26.327Z  INFO 3373 --- [org.springframework.kafka.KafkaListenerEndpointContainer#0-0-C-1] o.a.k.c.c.internals.ConsumerCoordinator  : [Consumer clientId=consumer-stock-group-1, groupId=stock-group] Request joining group due to: consumer pro-actively leaving the group
2025-04-28T05:59:26.327Z  INFO 3373 --- [org.springframework.kafka.KafkaListenerEndpointContainer#0-0-C-1] o.a.k.clients.consumer.KafkaConsumer     : [Consumer clientId=consumer-stock-group-1, groupId=stock-group] Unsubscribed all topics or patterns and assigned partitions
2025-04-28T05:59:26.327Z  INFO 3373 --- [org.springframework.kafka.KafkaListenerEndpointContainer#0-0-C-1] o.a.k.c.c.internals.ConsumerCoordinator  : [Consumer clientId=consumer-stock-group-1, groupId=stock-group] Resetting generation and member id due to: consumer pro-actively leaving the group
2025-04-28T05:59:26.327Z  INFO 3373 --- [org.springframework.kafka.KafkaListenerEndpointContainer#0-0-C-1] o.a.k.c.c.internals.ConsumerCoordinator  : [Consumer clientId=consumer-stock-group-1, groupId=stock-group] Request joining group due to: consumer pro-actively leaving the group
2025-04-28T05:59:26.334Z  INFO 3373 --- [org.springframework.kafka.KafkaListenerEndpointContainer#0-0-C-1] o.apache.kafka.common.metrics.Metrics    : Metrics scheduler closed
2025-04-28T05:59:26.334Z  INFO 3373 --- [org.springframework.kafka.KafkaListenerEndpointContainer#0-0-C-1] o.apache.kafka.common.metrics.Metrics    : Closing reporter org.apache.kafka.common.metrics.JmxReporter
2025-04-28T05:59:26.334Z  INFO 3373 --- [org.springframework.kafka.KafkaListenerEndpointContainer#0-0-C-1] o.apache.kafka.common.metrics.Metrics    : Metrics reporters closed
2025-04-28T05:59:26.346Z  INFO 3373 --- [org.springframework.kafka.KafkaListenerEndpointContainer#0-0-C-1] o.a.kafka.common.utils.AppInfoParser     : App info kafka.consumer for consumer-stock-group-1 unregistered
2025-04-28T05:59:26.347Z  INFO 3373 --- [org.springframework.kafka.KafkaListenerEndpointContainer#0-0-C-1] o.s.k.l.KafkaMessageListenerContainer    : stock-group: Consumer stopped
2025-04-28T05:59:26.388Z  INFO 3373 --- [SpringApplicationShutdownHook] j.LocalContainerEntityManagerFactoryBean : Closing JPA EntityManagerFactory for persistence unit 'default'
2025-04-28T05:59:26.526Z  INFO 3373 --- [SpringApplicationShutdownHook] com.zaxxer.hikari.HikariDataSource       : HikariPool-1 - Shutdown initiated...
2025-04-28T05:59:26.534Z  INFO 3373 --- [SpringApplicationShutdownHook] com.zaxxer.hikari.HikariDataSource       : HikariPool-1 - Shutdown completed.
